{
  "RSpec": {
    "coverage": {
      "/Users/manasgalipalli/Money/Money/lib/money.rb": [
        null,
        1,
        1,
        1,
        30,
        null,
        null,
        1,
        4,
        null,
        null,
        1,
        10,
        8,
        null,
        null,
        1,
        3,
        2,
        null,
        null,
        1,
        4,
        2,
        null,
        null,
        1,
        2,
        null,
        1,
        null
      ]
    },
    "timestamp": 1433334013
  }
}
